<?xml version="1.0" encoding="UTF-8"?>
<testsuite name="cl.tenpo.learning.reactive.tasks.task2.application.PercentageServiceTest" tests="3" skipped="0" failures="0" errors="0" timestamp="2025-07-03T19:57:00" hostname="LUCLUO0225M" time="0.067">
  <properties/>
  <testcase name="testGetPercentageFromExternalApi()" classname="cl.tenpo.learning.reactive.tasks.task2.application.PercentageServiceTest" time="0.06"/>
  <testcase name="testServiceHandlesApiCall()" classname="cl.tenpo.learning.reactive.tasks.task2.application.PercentageServiceTest" time="0.003"/>
  <testcase name="testServiceCanReturnValue()" classname="cl.tenpo.learning.reactive.tasks.task2.application.PercentageServiceTest" time="0.002"/>
  <system-out><![CDATA[[Test worker] 2025-07-03 16:57:00 ?[1;31mERROR?[0;39m ?[36mc.t.l.r.t.t.a.ExternalPercentageService?[0;39m - ]]>&#x1f3af;<![CDATA[]]>&#x1f3af;<![CDATA[]]>&#x1f3af;<![CDATA[ GETPERCENTAGE() CALLED - CHECKING CACHE FIRST ]]>&#x1f3af;<![CDATA[]]>&#x1f3af;<![CDATA[]]>&#x1f3af;<![CDATA[ 
[Test worker] 2025-07-03 16:57:00 ?[1;31mERROR?[0;39m ?[36mc.t.l.r.t.t.a.ExternalPercentageService?[0;39m - ]]>&#x1f514;<![CDATA[]]>&#x1f514;<![CDATA[]]>&#x1f514;<![CDATA[ PERCENTAGE SERVICE SUBSCRIBED ]]>&#x1f514;<![CDATA[]]>&#x1f514;<![CDATA[]]>&#x1f514;<![CDATA[ 
[Test worker] 2025-07-03 16:57:00 ?[1;31mERROR?[0;39m ?[36mc.t.l.r.t.t.a.ExternalPercentageService?[0;39m - ❌❌❌ CACHE MISS - CALLING fetchAndCachePercentage() ❌❌❌ 
[Test worker] 2025-07-03 16:57:00 ?[1;31mERROR?[0;39m ?[36mc.t.l.r.t.t.a.ExternalPercentageService?[0;39m - ]]>&#x1f504;<![CDATA[]]>&#x1f504;<![CDATA[]]>&#x1f504;<![CDATA[ FETCH AND CACHE PERCENTAGE - CALLING EXTERNAL API WITH RETRY ]]>&#x1f504;<![CDATA[]]>&#x1f504;<![CDATA[]]>&#x1f504;<![CDATA[ 
[Test worker] 2025-07-03 16:57:00 ?[1;31mERROR?[0;39m ?[36mc.t.l.r.t.t.a.ExternalPercentageService?[0;39m - ]]>&#x1f4be;<![CDATA[]]>&#x1f4be;<![CDATA[]]>&#x1f4be;<![CDATA[ CACHED PERCENTAGE: 0.25 ]]>&#x1f4be;<![CDATA[]]>&#x1f4be;<![CDATA[]]>&#x1f4be;<![CDATA[ 
[Test worker] 2025-07-03 16:57:00 ?[1;31mERROR?[0;39m ?[36mc.t.l.r.t.t.a.ExternalPercentageService?[0;39m - ]]>&#x1f389;<![CDATA[]]>&#x1f389;<![CDATA[]]>&#x1f389;<![CDATA[ PERCENTAGE SERVICE SUCCESS: 0.25 ]]>&#x1f389;<![CDATA[]]>&#x1f389;<![CDATA[]]>&#x1f389;<![CDATA[ 
[Test worker] 2025-07-03 16:57:00 ?[1;31mERROR?[0;39m ?[36mc.t.l.r.t.t.a.ExternalPercentageService?[0;39m - ]]>&#x1f3af;<![CDATA[]]>&#x1f3af;<![CDATA[]]>&#x1f3af;<![CDATA[ GETPERCENTAGE() CALLED - CHECKING CACHE FIRST ]]>&#x1f3af;<![CDATA[]]>&#x1f3af;<![CDATA[]]>&#x1f3af;<![CDATA[ 
[Test worker] 2025-07-03 16:57:00 ?[1;31mERROR?[0;39m ?[36mc.t.l.r.t.t.a.ExternalPercentageService?[0;39m - ]]>&#x1f514;<![CDATA[]]>&#x1f514;<![CDATA[]]>&#x1f514;<![CDATA[ PERCENTAGE SERVICE SUBSCRIBED ]]>&#x1f514;<![CDATA[]]>&#x1f514;<![CDATA[]]>&#x1f514;<![CDATA[ 
[Test worker] 2025-07-03 16:57:00 ?[1;31mERROR?[0;39m ?[36mc.t.l.r.t.t.a.ExternalPercentageService?[0;39m - ❌❌❌ CACHE MISS - CALLING fetchAndCachePercentage() ❌❌❌ 
[Test worker] 2025-07-03 16:57:00 ?[1;31mERROR?[0;39m ?[36mc.t.l.r.t.t.a.ExternalPercentageService?[0;39m - ]]>&#x1f504;<![CDATA[]]>&#x1f504;<![CDATA[]]>&#x1f504;<![CDATA[ FETCH AND CACHE PERCENTAGE - CALLING EXTERNAL API WITH RETRY ]]>&#x1f504;<![CDATA[]]>&#x1f504;<![CDATA[]]>&#x1f504;<![CDATA[ 
[Test worker] 2025-07-03 16:57:00 ?[1;31mERROR?[0;39m ?[36mc.t.l.r.t.t.a.ExternalPercentageService?[0;39m - ]]>&#x1f4be;<![CDATA[]]>&#x1f4be;<![CDATA[]]>&#x1f4be;<![CDATA[ CACHED PERCENTAGE: 0.3 ]]>&#x1f4be;<![CDATA[]]>&#x1f4be;<![CDATA[]]>&#x1f4be;<![CDATA[ 
[Test worker] 2025-07-03 16:57:00 ?[1;31mERROR?[0;39m ?[36mc.t.l.r.t.t.a.ExternalPercentageService?[0;39m - ]]>&#x1f389;<![CDATA[]]>&#x1f389;<![CDATA[]]>&#x1f389;<![CDATA[ PERCENTAGE SERVICE SUCCESS: 0.3 ]]>&#x1f389;<![CDATA[]]>&#x1f389;<![CDATA[]]>&#x1f389;<![CDATA[ 
[Test worker] 2025-07-03 16:57:00 ?[1;31mERROR?[0;39m ?[36mc.t.l.r.t.t.a.ExternalPercentageService?[0;39m - ]]>&#x1f3af;<![CDATA[]]>&#x1f3af;<![CDATA[]]>&#x1f3af;<![CDATA[ GETPERCENTAGE() CALLED - CHECKING CACHE FIRST ]]>&#x1f3af;<![CDATA[]]>&#x1f3af;<![CDATA[]]>&#x1f3af;<![CDATA[ 
[Test worker] 2025-07-03 16:57:00 ?[1;31mERROR?[0;39m ?[36mc.t.l.r.t.t.a.ExternalPercentageService?[0;39m - ]]>&#x1f514;<![CDATA[]]>&#x1f514;<![CDATA[]]>&#x1f514;<![CDATA[ PERCENTAGE SERVICE SUBSCRIBED ]]>&#x1f514;<![CDATA[]]>&#x1f514;<![CDATA[]]>&#x1f514;<![CDATA[ 
[Test worker] 2025-07-03 16:57:00 ?[1;31mERROR?[0;39m ?[36mc.t.l.r.t.t.a.ExternalPercentageService?[0;39m - ❌❌❌ CACHE MISS - CALLING fetchAndCachePercentage() ❌❌❌ 
[Test worker] 2025-07-03 16:57:00 ?[1;31mERROR?[0;39m ?[36mc.t.l.r.t.t.a.ExternalPercentageService?[0;39m - ]]>&#x1f504;<![CDATA[]]>&#x1f504;<![CDATA[]]>&#x1f504;<![CDATA[ FETCH AND CACHE PERCENTAGE - CALLING EXTERNAL API WITH RETRY ]]>&#x1f504;<![CDATA[]]>&#x1f504;<![CDATA[]]>&#x1f504;<![CDATA[ 
[Test worker] 2025-07-03 16:57:00 ?[1;31mERROR?[0;39m ?[36mc.t.l.r.t.t.a.ExternalPercentageService?[0;39m - ]]>&#x1f4be;<![CDATA[]]>&#x1f4be;<![CDATA[]]>&#x1f4be;<![CDATA[ CACHED PERCENTAGE: 0.15 ]]>&#x1f4be;<![CDATA[]]>&#x1f4be;<![CDATA[]]>&#x1f4be;<![CDATA[ 
[Test worker] 2025-07-03 16:57:00 ?[1;31mERROR?[0;39m ?[36mc.t.l.r.t.t.a.ExternalPercentageService?[0;39m - ]]>&#x1f389;<![CDATA[]]>&#x1f389;<![CDATA[]]>&#x1f389;<![CDATA[ PERCENTAGE SERVICE SUCCESS: 0.15 ]]>&#x1f389;<![CDATA[]]>&#x1f389;<![CDATA[]]>&#x1f389;<![CDATA[ 
]]></system-out>
  <system-err><![CDATA[]]></system-err>
</testsuite>
