<?xml version="1.0" encoding="UTF-8"?>
<testsuite name="cl.tenpo.learning.reactive.tasks.task2.application.PercentageServiceTest" tests="3" skipped="0" failures="0" errors="0" timestamp="2025-07-08T20:14:20" hostname="LUCLUO0225M" time="0.054">
  <properties/>
  <testcase name="testGetPercentageFromExternalApi()" classname="cl.tenpo.learning.reactive.tasks.task2.application.PercentageServiceTest" time="0.047"/>
  <testcase name="testFallbackToCache()" classname="cl.tenpo.learning.reactive.tasks.task2.application.PercentageServiceTest" time="0.003"/>
  <testcase name="testServiceErrorWhenNoCache()" classname="cl.tenpo.learning.reactive.tasks.task2.application.PercentageServiceTest" time="0.002"/>
  <system-out><![CDATA[[Test worker] 2025-07-08 17:14:20 ?[34mINFO ?[0;39m ?[36mc.t.l.r.t.t.a.ExternalPercentageService?[0;39m - ]]>&#x1f680;<![CDATA[]]>&#x1f680;<![CDATA[]]>&#x1f680;<![CDATA[ GETPERCENTAGE() CALLED - INTENTANDO OBTENER DEL SERVICIO EXTERNO PRIMERO ]]>&#x1f680;<![CDATA[]]>&#x1f680;<![CDATA[]]>&#x1f680;<![CDATA[ 
[Test worker] 2025-07-08 17:14:20 ?[34mINFO ?[0;39m ?[36mc.t.l.r.t.t.a.ExternalPercentageService?[0;39m - ✅✅✅ SERVICIO EXTERNO EXITOSO - ALMACENANDO EN CACHE: 0.25 ✅✅✅ 
[Test worker] 2025-07-08 17:14:20 ?[34mINFO ?[0;39m ?[36mc.t.l.r.t.t.a.ExternalPercentageService?[0;39m - ]]>&#x1f514;<![CDATA[]]>&#x1f514;<![CDATA[]]>&#x1f514;<![CDATA[ PERCENTAGE SERVICE SUBSCRIBED ]]>&#x1f514;<![CDATA[]]>&#x1f514;<![CDATA[]]>&#x1f514;<![CDATA[ 
[Test worker] 2025-07-08 17:14:20 ?[34mINFO ?[0;39m ?[36mc.t.l.r.t.t.a.ExternalPercentageService?[0;39m - ]]>&#x1f389;<![CDATA[]]>&#x1f389;<![CDATA[]]>&#x1f389;<![CDATA[ PERCENTAGE SERVICE SUCCESS: 0.25 ]]>&#x1f389;<![CDATA[]]>&#x1f389;<![CDATA[]]>&#x1f389;<![CDATA[ 
[Test worker] 2025-07-08 17:14:20 ?[34mINFO ?[0;39m ?[36mc.t.l.r.t.t.a.ExternalPercentageService?[0;39m - ]]>&#x1f680;<![CDATA[]]>&#x1f680;<![CDATA[]]>&#x1f680;<![CDATA[ GETPERCENTAGE() CALLED - INTENTANDO OBTENER DEL SERVICIO EXTERNO PRIMERO ]]>&#x1f680;<![CDATA[]]>&#x1f680;<![CDATA[]]>&#x1f680;<![CDATA[ 
[Test worker] 2025-07-08 17:14:20 ?[34mINFO ?[0;39m ?[36mc.t.l.r.t.t.a.ExternalPercentageService?[0;39m - ]]>&#x1f514;<![CDATA[]]>&#x1f514;<![CDATA[]]>&#x1f514;<![CDATA[ PERCENTAGE SERVICE SUBSCRIBED ]]>&#x1f514;<![CDATA[]]>&#x1f514;<![CDATA[]]>&#x1f514;<![CDATA[ 
[Test worker] 2025-07-08 17:14:20 ?[1;31mERROR?[0;39m ?[36mc.t.l.r.t.t.a.ExternalPercentageService?[0;39m - ]]>&#x1f534;<![CDATA[]]>&#x1f534;<![CDATA[]]>&#x1f534;<![CDATA[ ERROR EN SERVICIO EXTERNO: API Error - INTENTANDO USAR VALOR EN CACHÉ ]]>&#x1f534;<![CDATA[]]>&#x1f534;<![CDATA[]]>&#x1f534;<![CDATA[ 
[Test worker] 2025-07-08 17:14:20 ?[34mINFO ?[0;39m ?[36mc.t.l.r.t.t.a.ExternalPercentageService?[0;39m - ✅✅✅ USANDO VALOR EN CACHÉ COMO FALLBACK: 0.15 ✅✅✅ 
[Test worker] 2025-07-08 17:14:20 ?[34mINFO ?[0;39m ?[36mc.t.l.r.t.t.a.ExternalPercentageService?[0;39m - ]]>&#x1f389;<![CDATA[]]>&#x1f389;<![CDATA[]]>&#x1f389;<![CDATA[ PERCENTAGE SERVICE SUCCESS: 0.15 ]]>&#x1f389;<![CDATA[]]>&#x1f389;<![CDATA[]]>&#x1f389;<![CDATA[ 
[Test worker] 2025-07-08 17:14:20 ?[34mINFO ?[0;39m ?[36mc.t.l.r.t.t.a.ExternalPercentageService?[0;39m - ]]>&#x1f680;<![CDATA[]]>&#x1f680;<![CDATA[]]>&#x1f680;<![CDATA[ GETPERCENTAGE() CALLED - INTENTANDO OBTENER DEL SERVICIO EXTERNO PRIMERO ]]>&#x1f680;<![CDATA[]]>&#x1f680;<![CDATA[]]>&#x1f680;<![CDATA[ 
[Test worker] 2025-07-08 17:14:20 ?[34mINFO ?[0;39m ?[36mc.t.l.r.t.t.a.ExternalPercentageService?[0;39m - ]]>&#x1f514;<![CDATA[]]>&#x1f514;<![CDATA[]]>&#x1f514;<![CDATA[ PERCENTAGE SERVICE SUBSCRIBED ]]>&#x1f514;<![CDATA[]]>&#x1f514;<![CDATA[]]>&#x1f514;<![CDATA[ 
[Test worker] 2025-07-08 17:14:20 ?[1;31mERROR?[0;39m ?[36mc.t.l.r.t.t.a.ExternalPercentageService?[0;39m - ]]>&#x1f534;<![CDATA[]]>&#x1f534;<![CDATA[]]>&#x1f534;<![CDATA[ ERROR EN SERVICIO EXTERNO: API Error - INTENTANDO USAR VALOR EN CACHÉ ]]>&#x1f534;<![CDATA[]]>&#x1f534;<![CDATA[]]>&#x1f534;<![CDATA[ 
[Test worker] 2025-07-08 17:14:20 ?[1;31mERROR?[0;39m ?[36mc.t.l.r.t.t.a.ExternalPercentageService?[0;39m - ]]>&#x1f4a5;<![CDATA[]]>&#x1f4a5;<![CDATA[]]>&#x1f4a5;<![CDATA[ NO HAY VALOR EN CACHÉ DISPONIBLE - RESPONDIENDO CON ERROR ]]>&#x1f4a5;<![CDATA[]]>&#x1f4a5;<![CDATA[]]>&#x1f4a5;<![CDATA[ 
[Test worker] 2025-07-08 17:14:20 ?[1;31mERROR?[0;39m ?[36mc.t.l.r.t.t.a.ExternalPercentageService?[0;39m - ]]>&#x1f4a5;<![CDATA[]]>&#x1f4a5;<![CDATA[]]>&#x1f4a5;<![CDATA[ PERCENTAGE SERVICE ERROR: Servicio externo no disponible y no hay valor en caché ]]>&#x1f4a5;<![CDATA[]]>&#x1f4a5;<![CDATA[]]>&#x1f4a5;<![CDATA[ 
]]></system-out>
  <system-err><![CDATA[]]></system-err>
</testsuite>
