<?xml version="1.0" encoding="UTF-8"?>
<testsuite name="cl.tenpo.learning.reactive.tasks.task2.application.FallbackPercentageTest" tests="1" skipped="0" failures="0" errors="0" timestamp="2025-07-02T21:33:33" hostname="LUCLUO0225M" time="5.328">
  <properties/>
  <testcase name="testExternalServiceFailure_shouldThrowServiceUnavailableException()" classname="cl.tenpo.learning.reactive.tasks.task2.application.FallbackPercentageTest" time="5.328"/>
  <system-out><![CDATA[[Test worker] 2025-07-02 18:33:33 ?[34mINFO ?[0;39m ?[36mc.t.l.r.t.t.a.ExternalPercentageService?[0;39m - Fetching percentage from external API 
[Test worker] 2025-07-02 18:33:33 ?[34mINFO ?[0;39m ?[36mexternal-percentage-service?[0;39m - onSubscribe(SerializedSubscriber) 
[Test worker] 2025-07-02 18:33:33 ?[34mINFO ?[0;39m ?[36mexternal-percentage-service?[0;39m - request(unbounded) 
[parallel-1] 2025-07-02 18:33:34 ?[31mWARN ?[0;39m ?[36mc.t.l.r.t.t.a.ExternalPercentageService?[0;39m - Retry attempt 1: 500 Server Error 
[parallel-3] 2025-07-02 18:33:36 ?[31mWARN ?[0;39m ?[36mc.t.l.r.t.t.a.ExternalPercentageService?[0;39m - Retry attempt 2: 500 Server Error 
[parallel-5] 2025-07-02 18:33:38 ?[31mWARN ?[0;39m ?[36mc.t.l.r.t.t.a.ExternalPercentageService?[0;39m - Retry attempt 3: 500 Server Error 
[parallel-5] 2025-07-02 18:33:38 ?[1;31mERROR?[0;39m ?[36mc.t.l.r.t.t.a.ExternalPercentageService?[0;39m - Failed to fetch percentage after 3 attempts 
[parallel-5] 2025-07-02 18:33:38 ?[1;31mERROR?[0;39m ?[36mexternal-percentage-service?[0;39m - onError(cl.tenpo.learning.reactive.tasks.task2.infrastructure.exception.ServiceUnavailableException: Failed to fetch percentage after 3 attempts) 
[parallel-5] 2025-07-02 18:33:38 ?[1;31mERROR?[0;39m ?[36mexternal-percentage-service?[0;39m -  
cl.tenpo.learning.reactive.tasks.task2.infrastructure.exception.ServiceUnavailableException: Failed to fetch percentage after 3 attempts
	at cl.tenpo.learning.reactive.tasks.task2.application.ExternalPercentageService.lambda$fetchAndCachePercentage$4(ExternalPercentageService.java:103)
	at reactor.util.retry.RetryBackoffSpec.lambda$null$4(RetryBackoffSpec.java:560)
	at reactor.core.publisher.FluxConcatMapNoPrefetch$FluxConcatMapNoPrefetchSubscriber.onNext(FluxConcatMapNoPrefetch.java:183)
	at reactor.core.publisher.FluxContextWrite$ContextWriteSubscriber.onNext(FluxContextWrite.java:107)
	at reactor.core.publisher.SinkManyEmitterProcessor.drain(SinkManyEmitterProcessor.java:476)
	at reactor.core.publisher.SinkManyEmitterProcessor$EmitterInner.drainParent(SinkManyEmitterProcessor.java:620)
	at reactor.core.publisher.FluxPublish$PubSubInner.request(FluxPublish.java:874)
	at reactor.core.publisher.FluxContextWrite$ContextWriteSubscriber.request(FluxContextWrite.java:136)
	at reactor.core.publisher.FluxConcatMapNoPrefetch$FluxConcatMapNoPrefetchSubscriber.innerComplete(FluxConcatMapNoPrefetch.java:275)
	at reactor.core.publisher.FluxConcatMap$ConcatMapInner.onComplete(FluxConcatMap.java:889)
	at reactor.core.publisher.FluxContextWrite$ContextWriteSubscriber.onComplete(FluxContextWrite.java:126)
	at reactor.core.publisher.MonoFlatMap$FlatMapMain.secondComplete(MonoFlatMap.java:246)
	at reactor.core.publisher.MonoFlatMap$FlatMapInner.onNext(MonoFlatMap.java:305)
	at reactor.core.publisher.MonoIgnoreThen$ThenIgnoreMain.complete(MonoIgnoreThen.java:294)
	at reactor.core.publisher.MonoIgnoreThen$ThenIgnoreMain.onNext(MonoIgnoreThen.java:188)
	at reactor.core.publisher.MonoIgnoreThen$ThenIgnoreMain.subscribeNext(MonoIgnoreThen.java:237)
	at reactor.core.publisher.MonoIgnoreThen.subscribe(MonoIgnoreThen.java:51)
	at reactor.core.publisher.MonoFlatMap$FlatMapMain.onNext(MonoFlatMap.java:165)
	at reactor.core.publisher.MonoIgnoreThen$ThenIgnoreMain.complete(MonoIgnoreThen.java:294)
	at reactor.core.publisher.MonoIgnoreThen$ThenIgnoreMain.onNext(MonoIgnoreThen.java:188)
	at reactor.core.publisher.MonoDelay$MonoDelayRunnable.propagateDelay(MonoDelay.java:270)
	at reactor.core.publisher.MonoDelay$MonoDelayRunnable.run(MonoDelay.java:285)
	at reactor.core.scheduler.SchedulerTask.call(SchedulerTask.java:68)
	at reactor.core.scheduler.SchedulerTask.call(SchedulerTask.java:28)
	at java.base/java.util.concurrent.FutureTask.run(FutureTask.java:317)
	at java.base/java.util.concurrent.ScheduledThreadPoolExecutor$ScheduledFutureTask.run(ScheduledThreadPoolExecutor.java:304)
	at java.base/java.util.concurrent.ThreadPoolExecutor.runWorker(ThreadPoolExecutor.java:1144)
	at java.base/java.util.concurrent.ThreadPoolExecutor$Worker.run(ThreadPoolExecutor.java:642)
	at java.base/java.lang.Thread.run(Thread.java:1583)
]]></system-out>
  <system-err><![CDATA[]]></system-err>
</testsuite>
